This is pdfTeX, Version 3.141592653-2.6-1.40.24 (MiKTeX 23.1) (preloaded format=pdflatex 2023.6.21)  22 AUG 2023 12:12
entering extended mode
 restricted \write18 enabled.
 %&-line parsing enabled.
**./photocv.tex
(photocv.tex
LaTeX2e <2022-11-01> patch level 1
L3 programming layer <2023-05-15> (fortysecondscv.cls
Document Class: fortysecondscv 2020/02/09 CV class
(/home/narasimhulu/.miktex/texmfs/install/tex/latex/xcolor/xcolor.sty
Package: xcolor 2022/06/12 v2.14 LaTeX color extensions (UK)

(/home/narasimhulu/.miktex/texmfs/install/tex/latex/graphics-cfg/color.cfg
File: color.cfg 2016/01/02 v1.6 sample color configuration
)
Package xcolor Info: Driver file: pdftex.def on input line 227.

(/home/narasimhulu/.miktex/texmfs/install/tex/latex/graphics-def/pdftex.def
File: pdftex.def 2022/09/22 v1.2b Graphics/color driver for pdftex
)
(/home/narasimhulu/.miktex/texmfs/install/tex/latex/graphics/mathcolor.ltx)
Package xcolor Info: Model `cmy' substituted by `cmy0' on input line 1353.
Package xcolor Info: Model `hsb' substituted by `rgb' on input line 1357.
Package xcolor Info: Model `RGB' extended on input line 1369.
Package xcolor Info: Model `HTML' substituted by `rgb' on input line 1371.
Package xcolor Info: Model `Hsb' substituted by `hsb' on input line 1372.
Package xcolor Info: Model `tHsb' substituted by `hsb' on input line 1373.
Package xcolor Info: Model `HSB' substituted by `hsb' on input line 1374.
Package xcolor Info: Model `Gray' substituted by `gray' on input line 1375.
Package xcolor Info: Model `wave' substituted by `hsb' on input line 1376.

(/home/narasimhulu/.miktex/texmfs/install/tex/latex/graphics/dvipsnam.def
File: dvipsnam.def 2016/06/17 v3.0m Driver-dependent file (DPC,SPQR)
)
(/home/narasimhulu/.miktex/texmfs/install/tex/latex/xcolor/svgnam.def
File: svgnam.def 2022/06/12 v2.14 Predefined colors according to SVG 1.1 (UK)
)
(/home/narasimhulu/.miktex/texmfs/install/tex/latex/xcolor/x11nam.def
File: x11nam.def 2022/06/12 v2.14 Predefined colors according to Unix/X11 (UK)
))
(/home/narasimhulu/.miktex/texmfs/install/tex/latex/textpos/textpos.sty
Package: textpos 2022/07/23 v1.10.1
Package textpos Info: choosing support for LaTeX3 on input line 60.

(/home/narasimhulu/.miktex/texmfs/install/tex/latex/graphics/keyval.sty
Package: keyval 2022/05/29 v1.15 key=value parser (DPC)
\KV@toks@=\toks16
)
\TP@textbox=\box51
\TP@holdbox=\box52
\TPHorizModule=\dimen140
\TPVertModule=\dimen141
\TP@margin=\dimen142
\TP@absmargin=\dimen143

Grid set 16 x 16 = 0.0pt x 0.0pt
\TPboxrulesize=\dimen144
\TP@ox=\dimen145
\TP@oy=\dimen146
\TP@tbargs=\toks17
TextBlockOrigin set to 0pt x 0pt
) (/home/narasimhulu/.miktex/texmfs/install/tex/latex/xkeyval/xkeyval.sty
Package: xkeyval 2022/06/16 v2.9 package option processing (HA)

(/home/narasimhulu/.miktex/texmfs/install/tex/generic/xkeyval/xkeyval.tex
(/home/narasimhulu/.miktex/texmfs/install/tex/generic/xkeyval/xkvutils.tex
\XKV@toks=\toks18
\XKV@tempa@toks=\toks19
)
\XKV@depth=\count185
File: xkeyval.tex 2014/12/03 v2.7a key=value parser (HA)
))
(/home/narasimhulu/.miktex/texmfs/install/tex/latex/etoolbox/etoolbox.sty
Package: etoolbox 2020/10/05 v2.5k e-TeX tools for LaTeX (JAW)
\etb@tempcnta=\count186
)
(/home/narasimhulu/.miktex/texmfs/install/tex/latex/tools/calc.sty
Package: calc 2017/05/25 v4.3 Infix arithmetic (KKT,FJ)
\calc@Acount=\count187
\calc@Bcount=\count188
\calc@Adimen=\dimen147
\calc@Bdimen=\dimen148
\calc@Askip=\skip48
\calc@Bskip=\skip49
LaTeX Info: Redefining \setlength on input line 80.
LaTeX Info: Redefining \addtolength on input line 81.
\calc@Ccount=\count189
\calc@Cskip=\skip50
)
(/home/narasimhulu/.miktex/texmfs/install/tex/latex/geometry/geometry.sty
Package: geometry 2020/01/02 v5.9 Page Geometry

(/home/narasimhulu/.miktex/texmfs/install/tex/generic/iftex/ifvtex.sty
Package: ifvtex 2019/10/25 v1.7 ifvtex legacy package. Use iftex instead.

(/home/narasimhulu/.miktex/texmfs/install/tex/generic/iftex/iftex.sty
Package: iftex 2022/02/03 v1.0f TeX engine tests
))
\Gm@cnth=\count190
\Gm@cntv=\count191
\c@Gm@tempcnt=\count192
\Gm@bindingoffset=\dimen149
\Gm@wd@mp=\dimen150
\Gm@odd@mp=\dimen151
\Gm@even@mp=\dimen152
\Gm@layoutwidth=\dimen153
\Gm@layoutheight=\dimen154
\Gm@layouthoffset=\dimen155
\Gm@layoutvoffset=\dimen156
\Gm@dimlist=\toks20

(/home/narasimhulu/.miktex/texmfs/install/tex/latex/geometry/geometry.cfg))
\sidebarwidth=\skip51
\topbottommargin=\skip52
\leftrightmargin=\skip53
\sidebartextwidth=\skip54
\profilepicsize=\skip55
\profilepicborderwidth=\skip56
\profilepicxshift=\skip57
\profilepicyshift=\skip58
\profilepicrounding=\skip59

(/home/narasimhulu/.miktex/texmfs/install/tex/latex/base/article.cls
Document Class: article 2022/07/02 v1.4n Standard LaTeX document class
(/home/narasimhulu/.miktex/texmfs/install/tex/latex/base/size10.clo
File: size10.clo 2022/07/02 v1.4n Standard LaTeX file (size option)
)
\c@part=\count193
\c@section=\count194
\c@subsection=\count195
\c@subsubsection=\count196
\c@paragraph=\count197
\c@subparagraph=\count198
\c@figure=\count199
\c@table=\count266
\abovecaptionskip=\skip60
\belowcaptionskip=\skip61
\bibindent=\dimen157
)
(/home/narasimhulu/.miktex/texmfs/install/tex/latex/clearsans/ClearSans.sty
Package: ClearSans 2022/09/15 (Bob Tennent) Supports Clear-Sans fonts for all L
aTeX engines.

(/home/narasimhulu/.miktex/texmfs/install/tex/generic/iftex/ifxetex.sty
Package: ifxetex 2019/10/25 v0.7 ifxetex legacy package. Use iftex instead.
)
(/home/narasimhulu/.miktex/texmfs/install/tex/generic/iftex/ifluatex.sty
Package: ifluatex 2019/10/25 v1.5 ifluatex legacy package. Use iftex instead.
)
(/home/narasimhulu/.miktex/texmfs/install/tex/latex/base/textcomp.sty
Package: textcomp 2020/02/02 v2.0n Standard LaTeX package
)
(/home/narasimhulu/.miktex/texmfs/install/tex/latex/base/fontenc.sty
Package: fontenc 2021/04/29 v2.0v Standard LaTeX package
)
(/home/narasimhulu/.miktex/texmfs/install/tex/latex/fontaxes/fontaxes.sty
Package: fontaxes 2020/07/21 v1.0e Font selection axes
LaTeX Info: Redefining \upshape on input line 29.
LaTeX Info: Redefining \itshape on input line 31.
LaTeX Info: Redefining \slshape on input line 33.
LaTeX Info: Redefining \swshape on input line 35.
LaTeX Info: Redefining \scshape on input line 37.
LaTeX Info: Redefining \sscshape on input line 39.
LaTeX Info: Redefining \ulcshape on input line 41.
LaTeX Info: Redefining \textsw on input line 47.
LaTeX Info: Redefining \textssc on input line 48.
LaTeX Info: Redefining \textulc on input line 49.
))
(/home/narasimhulu/.miktex/texmfs/install/tex/latex/eso-pic/eso-pic.sty
Package: eso-pic 2023/05/03 v3.0c eso-pic (RN)
\ESO@tempdima=\dimen158
\ESO@tempdimb=\dimen159
)
(/home/narasimhulu/.miktex/texmfs/install/tex/latex/titlesec/titlesec.sty
Package: titlesec 2021/07/05 v2.14 Sectioning titles
\ttl@box=\box53
\beforetitleunit=\skip62
\aftertitleunit=\skip63
\ttl@plus=\dimen160
\ttl@minus=\dimen161
\ttl@toksa=\toks21
\titlewidth=\dimen162
\titlewidthlast=\dimen163
\titlewidthfirst=\dimen164
)
(/home/narasimhulu/.miktex/texmfs/install/tex/latex/graphbox/graphbox.sty
Package: graphbox 2018/01/17 v1.1 extension for graphicx to adjust containing b
ox

(/home/narasimhulu/.miktex/texmfs/install/tex/latex/graphics/graphicx.sty
Package: graphicx 2021/09/16 v1.2d Enhanced LaTeX Graphics (DPC,SPQR)

(/home/narasimhulu/.miktex/texmfs/install/tex/latex/graphics/graphics.sty
Package: graphics 2022/03/10 v1.4e Standard LaTeX Graphics (DPC,SPQR)

(/home/narasimhulu/.miktex/texmfs/install/tex/latex/graphics/trig.sty
Package: trig 2021/08/11 v1.11 sin cos tan (DPC)
)
(/home/narasimhulu/.miktex/texmfs/install/tex/latex/graphics-cfg/graphics.cfg
File: graphics.cfg 2016/06/04 v1.11 sample graphics configuration
)
Package graphics Info: Driver file: pdftex.def on input line 107.
)
\Gin@req@height=\dimen165
\Gin@req@width=\dimen166
)
\Gin@box@box=\box54
\Gin@box@width=\skip64
\Gin@box@height=\skip65
\Gin@box@raise=\skip66
\Gin@box@hspace=\skip67
\Gin@box@bwidth=\skip68
\Gin@box@bheight=\skip69
) (/home/narasimhulu/.miktex/texmfs/install/tex/latex/tools/tabularx.sty
Package: tabularx 2020/01/15 v2.11c `tabularx' package (DPC)

(/home/narasimhulu/.miktex/texmfs/install/tex/latex/tools/array.sty
Package: array 2022/09/04 v2.5g Tabular extension package (FMi)
\col@sep=\dimen167
\ar@mcellbox=\box55
\extrarowheight=\dimen168
\NC@list=\toks22
\extratabsurround=\skip70
\backup@length=\skip71
\ar@cellbox=\box56
)
\TX@col@width=\dimen169
\TX@old@table=\dimen170
\TX@old@col=\dimen171
\TX@target=\dimen172
\TX@delta=\dimen173
\TX@cols=\count267
\TX@ftn=\toks23
)
(/home/narasimhulu/.miktex/texmfs/install/tex/latex/fontawesome/fontawesome.sty
Package: fontawesome 2016/05/15 v4.6.3.1 font awesome icons

(/home/narasimhulu/.miktex/texmfs/install/tex/latex/fontawesome/fontawesomesymb
ols-generic.tex)
(/home/narasimhulu/.miktex/texmfs/install/tex/latex/fontawesome/fontawesomesymb
ols-pdftex.tex))
(/home/narasimhulu/.miktex/texmfs/install/tex/latex/pgf/frontendlayer/tikz.sty
(/home/narasimhulu/.miktex/texmfs/install/tex/latex/pgf/basiclayer/pgf.sty
(/home/narasimhulu/.miktex/texmfs/install/tex/latex/pgf/utilities/pgfrcs.sty
(/home/narasimhulu/.miktex/texmfs/install/tex/generic/pgf/utilities/pgfutil-com
mon.tex
\pgfutil@everybye=\toks24
\pgfutil@tempdima=\dimen174
\pgfutil@tempdimb=\dimen175
)
(/home/narasimhulu/.miktex/texmfs/install/tex/generic/pgf/utilities/pgfutil-lat
ex.def
\pgfutil@abb=\box57
)
(/home/narasimhulu/.miktex/texmfs/install/tex/generic/pgf/utilities/pgfrcs.code
.tex (/home/narasimhulu/.miktex/texmfs/install/tex/generic/pgf/pgf.revision.tex
)
Package: pgfrcs 2023-01-15 v3.1.10 (3.1.10)
))
Package: pgf 2023-01-15 v3.1.10 (3.1.10)

(/home/narasimhulu/.miktex/texmfs/install/tex/latex/pgf/basiclayer/pgfcore.sty
(/home/narasimhulu/.miktex/texmfs/install/tex/latex/pgf/systemlayer/pgfsys.sty
(/home/narasimhulu/.miktex/texmfs/install/tex/generic/pgf/systemlayer/pgfsys.co
de.tex
Package: pgfsys 2023-01-15 v3.1.10 (3.1.10)

(/home/narasimhulu/.miktex/texmfs/install/tex/generic/pgf/utilities/pgfkeys.cod
e.tex
\pgfkeys@pathtoks=\toks25
\pgfkeys@temptoks=\toks26

(/home/narasimhulu/.miktex/texmfs/install/tex/generic/pgf/utilities/pgfkeyslibr
aryfiltered.code.tex
\pgfkeys@tmptoks=\toks27
))
\pgf@x=\dimen176
\pgf@y=\dimen177
\pgf@xa=\dimen178
\pgf@ya=\dimen179
\pgf@xb=\dimen180
\pgf@yb=\dimen181
\pgf@xc=\dimen182
\pgf@yc=\dimen183
\pgf@xd=\dimen184
\pgf@yd=\dimen185
\w@pgf@writea=\write3
\r@pgf@reada=\read2
\c@pgf@counta=\count268
\c@pgf@countb=\count269
\c@pgf@countc=\count270
\c@pgf@countd=\count271
\t@pgf@toka=\toks28
\t@pgf@tokb=\toks29
\t@pgf@tokc=\toks30
\pgf@sys@id@count=\count272

(/home/narasimhulu/.miktex/texmfs/install/tex/generic/pgf/systemlayer/pgf.cfg
File: pgf.cfg 2023-01-15 v3.1.10 (3.1.10)
)
Driver file for pgf: pgfsys-pdftex.def

(/home/narasimhulu/.miktex/texmfs/install/tex/generic/pgf/systemlayer/pgfsys-pd
ftex.def
File: pgfsys-pdftex.def 2023-01-15 v3.1.10 (3.1.10)

(/home/narasimhulu/.miktex/texmfs/install/tex/generic/pgf/systemlayer/pgfsys-co
mmon-pdf.def
File: pgfsys-common-pdf.def 2023-01-15 v3.1.10 (3.1.10)
)))
(/home/narasimhulu/.miktex/texmfs/install/tex/generic/pgf/systemlayer/pgfsyssof
tpath.code.tex
File: pgfsyssoftpath.code.tex 2023-01-15 v3.1.10 (3.1.10)
\pgfsyssoftpath@smallbuffer@items=\count273
\pgfsyssoftpath@bigbuffer@items=\count274
)
(/home/narasimhulu/.miktex/texmfs/install/tex/generic/pgf/systemlayer/pgfsyspro
tocol.code.tex
File: pgfsysprotocol.code.tex 2023-01-15 v3.1.10 (3.1.10)
))
(/home/narasimhulu/.miktex/texmfs/install/tex/generic/pgf/basiclayer/pgfcore.co
de.tex
Package: pgfcore 2023-01-15 v3.1.10 (3.1.10)

(/home/narasimhulu/.miktex/texmfs/install/tex/generic/pgf/math/pgfmath.code.tex

(/home/narasimhulu/.miktex/texmfs/install/tex/generic/pgf/math/pgfmathutil.code
.tex)
(/home/narasimhulu/.miktex/texmfs/install/tex/generic/pgf/math/pgfmathparser.co
de.tex
\pgfmath@dimen=\dimen186
\pgfmath@count=\count275
\pgfmath@box=\box58
\pgfmath@toks=\toks31
\pgfmath@stack@operand=\toks32
\pgfmath@stack@operation=\toks33
)
(/home/narasimhulu/.miktex/texmfs/install/tex/generic/pgf/math/pgfmathfunctions
.code.tex)
(/home/narasimhulu/.miktex/texmfs/install/tex/generic/pgf/math/pgfmathfunctions
.basic.code.tex)
(/home/narasimhulu/.miktex/texmfs/install/tex/generic/pgf/math/pgfmathfunctions
.trigonometric.code.tex)
(/home/narasimhulu/.miktex/texmfs/install/tex/generic/pgf/math/pgfmathfunctions
.random.code.tex)
(/home/narasimhulu/.miktex/texmfs/install/tex/generic/pgf/math/pgfmathfunctions
.comparison.code.tex)
(/home/narasimhulu/.miktex/texmfs/install/tex/generic/pgf/math/pgfmathfunctions
.base.code.tex)
(/home/narasimhulu/.miktex/texmfs/install/tex/generic/pgf/math/pgfmathfunctions
.round.code.tex)
(/home/narasimhulu/.miktex/texmfs/install/tex/generic/pgf/math/pgfmathfunctions
.misc.code.tex)
(/home/narasimhulu/.miktex/texmfs/install/tex/generic/pgf/math/pgfmathfunctions
.integerarithmetics.code.tex)
(/home/narasimhulu/.miktex/texmfs/install/tex/generic/pgf/math/pgfmathcalc.code
.tex)
(/home/narasimhulu/.miktex/texmfs/install/tex/generic/pgf/math/pgfmathfloat.cod
e.tex
\c@pgfmathroundto@lastzeros=\count276
))
(/home/narasimhulu/.miktex/texmfs/install/tex/generic/pgf/math/pgfint.code.tex)

(/home/narasimhulu/.miktex/texmfs/install/tex/generic/pgf/basiclayer/pgfcorepoi
nts.code.tex
File: pgfcorepoints.code.tex 2023-01-15 v3.1.10 (3.1.10)
\pgf@picminx=\dimen187
\pgf@picmaxx=\dimen188
\pgf@picminy=\dimen189
\pgf@picmaxy=\dimen190
\pgf@pathminx=\dimen191
\pgf@pathmaxx=\dimen192
\pgf@pathminy=\dimen193
\pgf@pathmaxy=\dimen194
\pgf@xx=\dimen195
\pgf@xy=\dimen196
\pgf@yx=\dimen197
\pgf@yy=\dimen198
\pgf@zx=\dimen199
\pgf@zy=\dimen256
)
(/home/narasimhulu/.miktex/texmfs/install/tex/generic/pgf/basiclayer/pgfcorepat
hconstruct.code.tex
File: pgfcorepathconstruct.code.tex 2023-01-15 v3.1.10 (3.1.10)
\pgf@path@lastx=\dimen257
\pgf@path@lasty=\dimen258
)
(/home/narasimhulu/.miktex/texmfs/install/tex/generic/pgf/basiclayer/pgfcorepat
husage.code.tex
File: pgfcorepathusage.code.tex 2023-01-15 v3.1.10 (3.1.10)
\pgf@shorten@end@additional=\dimen259
\pgf@shorten@start@additional=\dimen260
)
(/home/narasimhulu/.miktex/texmfs/install/tex/generic/pgf/basiclayer/pgfcoresco
pes.code.tex
File: pgfcorescopes.code.tex 2023-01-15 v3.1.10 (3.1.10)
\pgfpic=\box59
\pgf@hbox=\box60
\pgf@layerbox@main=\box61
\pgf@picture@serial@count=\count277
)
(/home/narasimhulu/.miktex/texmfs/install/tex/generic/pgf/basiclayer/pgfcoregra
phicstate.code.tex
File: pgfcoregraphicstate.code.tex 2023-01-15 v3.1.10 (3.1.10)
\pgflinewidth=\dimen261
)
(/home/narasimhulu/.miktex/texmfs/install/tex/generic/pgf/basiclayer/pgfcoretra
nsformations.code.tex
File: pgfcoretransformations.code.tex 2023-01-15 v3.1.10 (3.1.10)
\pgf@pt@x=\dimen262
\pgf@pt@y=\dimen263
\pgf@pt@temp=\dimen264
)
(/home/narasimhulu/.miktex/texmfs/install/tex/generic/pgf/basiclayer/pgfcorequi
ck.code.tex
File: pgfcorequick.code.tex 2023-01-15 v3.1.10 (3.1.10)
)
(/home/narasimhulu/.miktex/texmfs/install/tex/generic/pgf/basiclayer/pgfcoreobj
ects.code.tex
File: pgfcoreobjects.code.tex 2023-01-15 v3.1.10 (3.1.10)
)
(/home/narasimhulu/.miktex/texmfs/install/tex/generic/pgf/basiclayer/pgfcorepat
hprocessing.code.tex
File: pgfcorepathprocessing.code.tex 2023-01-15 v3.1.10 (3.1.10)
)
(/home/narasimhulu/.miktex/texmfs/install/tex/generic/pgf/basiclayer/pgfcorearr
ows.code.tex
File: pgfcorearrows.code.tex 2023-01-15 v3.1.10 (3.1.10)
\pgfarrowsep=\dimen265
)
(/home/narasimhulu/.miktex/texmfs/install/tex/generic/pgf/basiclayer/pgfcoresha
de.code.tex
File: pgfcoreshade.code.tex 2023-01-15 v3.1.10 (3.1.10)
\pgf@max=\dimen266
\pgf@sys@shading@range@num=\count278
\pgf@shadingcount=\count279
)
(/home/narasimhulu/.miktex/texmfs/install/tex/generic/pgf/basiclayer/pgfcoreima
ge.code.tex
File: pgfcoreimage.code.tex 2023-01-15 v3.1.10 (3.1.10)
)
(/home/narasimhulu/.miktex/texmfs/install/tex/generic/pgf/basiclayer/pgfcoreext
ernal.code.tex
File: pgfcoreexternal.code.tex 2023-01-15 v3.1.10 (3.1.10)
\pgfexternal@startupbox=\box62
)
(/home/narasimhulu/.miktex/texmfs/install/tex/generic/pgf/basiclayer/pgfcorelay
ers.code.tex
File: pgfcorelayers.code.tex 2023-01-15 v3.1.10 (3.1.10)
)
(/home/narasimhulu/.miktex/texmfs/install/tex/generic/pgf/basiclayer/pgfcoretra
nsparency.code.tex
File: pgfcoretransparency.code.tex 2023-01-15 v3.1.10 (3.1.10)
)
(/home/narasimhulu/.miktex/texmfs/install/tex/generic/pgf/basiclayer/pgfcorepat
terns.code.tex
File: pgfcorepatterns.code.tex 2023-01-15 v3.1.10 (3.1.10)
)
(/home/narasimhulu/.miktex/texmfs/install/tex/generic/pgf/basiclayer/pgfcorerdf
.code.tex
File: pgfcorerdf.code.tex 2023-01-15 v3.1.10 (3.1.10)
)))
(/home/narasimhulu/.miktex/texmfs/install/tex/generic/pgf/modules/pgfmoduleshap
es.code.tex
File: pgfmoduleshapes.code.tex 2023-01-15 v3.1.10 (3.1.10)
\pgfnodeparttextbox=\box63
)
(/home/narasimhulu/.miktex/texmfs/install/tex/generic/pgf/modules/pgfmoduleplot
.code.tex
File: pgfmoduleplot.code.tex 2023-01-15 v3.1.10 (3.1.10)
)
(/home/narasimhulu/.miktex/texmfs/install/tex/latex/pgf/compatibility/pgfcomp-v
ersion-0-65.sty
Package: pgfcomp-version-0-65 2023-01-15 v3.1.10 (3.1.10)
\pgf@nodesepstart=\dimen267
\pgf@nodesepend=\dimen268
)
(/home/narasimhulu/.miktex/texmfs/install/tex/latex/pgf/compatibility/pgfcomp-v
ersion-1-18.sty
Package: pgfcomp-version-1-18 2023-01-15 v3.1.10 (3.1.10)
))
(/home/narasimhulu/.miktex/texmfs/install/tex/latex/pgf/utilities/pgffor.sty
(/home/narasimhulu/.miktex/texmfs/install/tex/latex/pgf/utilities/pgfkeys.sty
(/home/narasimhulu/.miktex/texmfs/install/tex/generic/pgf/utilities/pgfkeys.cod
e.tex))
(/home/narasimhulu/.miktex/texmfs/install/tex/latex/pgf/math/pgfmath.sty
(/home/narasimhulu/.miktex/texmfs/install/tex/generic/pgf/math/pgfmath.code.tex
))
(/home/narasimhulu/.miktex/texmfs/install/tex/generic/pgf/utilities/pgffor.code
.tex
Package: pgffor 2023-01-15 v3.1.10 (3.1.10)
\pgffor@iter=\dimen269
\pgffor@skip=\dimen270
\pgffor@stack=\toks34
\pgffor@toks=\toks35
))
(/home/narasimhulu/.miktex/texmfs/install/tex/generic/pgf/frontendlayer/tikz/ti
kz.code.tex
Package: tikz 2023-01-15 v3.1.10 (3.1.10)

(/home/narasimhulu/.miktex/texmfs/install/tex/generic/pgf/libraries/pgflibraryp
lothandlers.code.tex
File: pgflibraryplothandlers.code.tex 2023-01-15 v3.1.10 (3.1.10)
\pgf@plot@mark@count=\count280
\pgfplotmarksize=\dimen271
)
\tikz@lastx=\dimen272
\tikz@lasty=\dimen273
\tikz@lastxsaved=\dimen274
\tikz@lastysaved=\dimen275
\tikz@lastmovetox=\dimen276
\tikz@lastmovetoy=\dimen277
\tikzleveldistance=\dimen278
\tikzsiblingdistance=\dimen279
\tikz@figbox=\box64
\tikz@figbox@bg=\box65
\tikz@tempbox=\box66
\tikz@tempbox@bg=\box67
\tikztreelevel=\count281
\tikznumberofchildren=\count282
\tikznumberofcurrentchild=\count283
\tikz@fig@count=\count284

(/home/narasimhulu/.miktex/texmfs/install/tex/generic/pgf/modules/pgfmodulematr
ix.code.tex
File: pgfmodulematrix.code.tex 2023-01-15 v3.1.10 (3.1.10)
\pgfmatrixcurrentrow=\count285
\pgfmatrixcurrentcolumn=\count286
\pgf@matrix@numberofcolumns=\count287
)
\tikz@expandcount=\count288

(/home/narasimhulu/.miktex/texmfs/install/tex/generic/pgf/frontendlayer/tikz/li
braries/tikzlibrarytopaths.code.tex
File: tikzlibrarytopaths.code.tex 2023-01-15 v3.1.10 (3.1.10)
)))
(/home/narasimhulu/.miktex/texmfs/install/tex/generic/pgf/frontendlayer/tikz/li
braries/tikzlibraryarrows.code.tex
File: tikzlibraryarrows.code.tex 2023-01-15 v3.1.10 (3.1.10)

(/home/narasimhulu/.miktex/texmfs/install/tex/generic/pgf/libraries/pgflibrarya
rrows.code.tex
File: pgflibraryarrows.code.tex 2023-01-15 v3.1.10 (3.1.10)
\arrowsize=\dimen280
))
(/home/narasimhulu/.miktex/texmfs/install/tex/generic/pgf/frontendlayer/tikz/li
braries/tikzlibrarybackgrounds.code.tex
File: tikzlibrarybackgrounds.code.tex 2023-01-15 v3.1.10 (3.1.10)
\pgf@layerbox@background=\box68
\pgf@layerboxsaved@background=\box69
)
(/home/narasimhulu/.miktex/texmfs/install/tex/latex/xhfill/xhfill.sty
(/home/narasimhulu/.miktex/texmfs/install/tex/latex/tools/xspace.sty
Package: xspace 2014/10/28 v1.13 Space after command names (DPC,MH)
)
Package: xhfill 2011/05/14\ v 1.01\ modify width and color of hrulefill
)
(/home/narasimhulu/.miktex/texmfs/install/tex/latex/base/ifthen.sty
Package: ifthen 2022/04/13 v1.1d Standard LaTeX ifthen package (DPC)
)
(/home/narasimhulu/.miktex/texmfs/install/tex/latex/l3packages/xparse/xparse.st
y (/home/narasimhulu/.miktex/texmfs/install/tex/latex/l3kernel/expl3.sty
Package: expl3 2023-05-15 L3 programming layer (loader) 

(/home/narasimhulu/.miktex/texmfs/install/tex/latex/l3backend/l3backend-pdftex.
def
File: l3backend-pdftex.def 2023-04-19 L3 backend support: PDF output (pdfTeX)
\l__color_backend_stack_int=\count289
\l__pdf_internal_box=\box70
))
Package: xparse 2023-02-02 L3 Experimental document command parser
)
(/home/narasimhulu/.miktex/texmfs/install/tex/latex/hyperref/hyperref.sty
Package: hyperref 2023-04-22 v7.00x Hypertext links for LaTeX

(/home/narasimhulu/.miktex/texmfs/install/tex/generic/ltxcmds/ltxcmds.sty
Package: ltxcmds 2020-05-10 v1.25 LaTeX kernel commands for general use (HO)
)
(/home/narasimhulu/.miktex/texmfs/install/tex/generic/pdftexcmds/pdftexcmds.sty
Package: pdftexcmds 2020-06-27 v0.33 Utility functions of pdfTeX for LuaTeX (HO
)
(/home/narasimhulu/.miktex/texmfs/install/tex/generic/infwarerr/infwarerr.sty
Package: infwarerr 2019/12/03 v1.5 Providing info/warning/error messages (HO)
)
Package pdftexcmds Info: \pdf@primitive is available.
Package pdftexcmds Info: \pdf@ifprimitive is available.
Package pdftexcmds Info: \pdfdraftmode found.
) (/home/narasimhulu/.miktex/texmfs/install/tex/latex/kvsetkeys/kvsetkeys.sty
Package: kvsetkeys 2022-10-05 v1.19 Key value parser (HO)
)
(/home/narasimhulu/.miktex/texmfs/install/tex/generic/kvdefinekeys/kvdefinekeys
.sty
Package: kvdefinekeys 2019-12-19 v1.6 Define keys (HO)
)
(/home/narasimhulu/.miktex/texmfs/install/tex/generic/pdfescape/pdfescape.sty
Package: pdfescape 2019/12/09 v1.15 Implements pdfTeX's escape features (HO)
)
(/home/narasimhulu/.miktex/texmfs/install/tex/latex/hycolor/hycolor.sty
Package: hycolor 2020-01-27 v1.10 Color options for hyperref/bookmark (HO)
)
(/home/narasimhulu/.miktex/texmfs/install/tex/latex/letltxmacro/letltxmacro.sty
Package: letltxmacro 2019/12/03 v1.6 Let assignment for LaTeX macros (HO)
) (/home/narasimhulu/.miktex/texmfs/install/tex/latex/auxhook/auxhook.sty
Package: auxhook 2019-12-17 v1.6 Hooks for auxiliary files (HO)
)
(/home/narasimhulu/.miktex/texmfs/install/tex/latex/hyperref/nameref.sty
Package: nameref 2022-05-17 v2.50 Cross-referencing by name of section

(/home/narasimhulu/.miktex/texmfs/install/tex/latex/refcount/refcount.sty
Package: refcount 2019/12/15 v3.6 Data extraction from label references (HO)
)
(/home/narasimhulu/.miktex/texmfs/install/tex/generic/gettitlestring/gettitlest
ring.sty
Package: gettitlestring 2019/12/15 v1.6 Cleanup title references (HO)

(/home/narasimhulu/.miktex/texmfs/install/tex/latex/kvoptions/kvoptions.sty
Package: kvoptions 2022-06-15 v3.15 Key value format for package options (HO)
))
\c@section@level=\count290
)
\@linkdim=\dimen281
\Hy@linkcounter=\count291
\Hy@pagecounter=\count292

(/home/narasimhulu/.miktex/texmfs/install/tex/latex/hyperref/pd1enc.def
File: pd1enc.def 2023-04-22 v7.00x Hyperref: PDFDocEncoding definition (HO)
Now handling font encoding PD1 ...
... no UTF-8 mapping file for font encoding PD1
)
(/home/narasimhulu/.miktex/texmfs/install/tex/generic/intcalc/intcalc.sty
Package: intcalc 2019/12/15 v1.3 Expandable calculations with integers (HO)
)
\Hy@SavedSpaceFactor=\count293

(/home/narasimhulu/.miktex/texmfs/install/tex/latex/hyperref/puenc.def
File: puenc.def 2023-04-22 v7.00x Hyperref: PDF Unicode definition (HO)
Now handling font encoding PU ...
... no UTF-8 mapping file for font encoding PU
)
Package hyperref Info: Hyper figures OFF on input line 4182.
Package hyperref Info: Link nesting OFF on input line 4187.
Package hyperref Info: Hyper index ON on input line 4190.
Package hyperref Info: Plain pages OFF on input line 4197.
Package hyperref Info: Backreferencing OFF on input line 4202.
Package hyperref Info: Implicit mode ON; LaTeX internals redefined.
Package hyperref Info: Bookmarks ON on input line 4449.
\c@Hy@tempcnt=\count294

(/home/narasimhulu/.miktex/texmfs/install/tex/latex/url/url.sty
\Urlmuskip=\muskip16
Package: url 2013/09/16  ver 3.4  Verb mode for urls, etc.
)
LaTeX Info: Redefining \url on input line 4787.
\XeTeXLinkMargin=\dimen282

(/home/narasimhulu/.miktex/texmfs/install/tex/generic/bitset/bitset.sty
Package: bitset 2019/12/09 v1.3 Handle bit-vector datatype (HO)

(/home/narasimhulu/.miktex/texmfs/install/tex/generic/bigintcalc/bigintcalc.sty
Package: bigintcalc 2019/12/15 v1.5 Expandable calculations on big integers (HO
)
))
\Fld@menulength=\count295
\Field@Width=\dimen283
\Fld@charsize=\dimen284
Package hyperref Info: Hyper figures OFF on input line 6066.
Package hyperref Info: Link nesting OFF on input line 6071.
Package hyperref Info: Hyper index ON on input line 6074.
Package hyperref Info: backreferencing OFF on input line 6081.
Package hyperref Info: Link coloring OFF on input line 6086.
Package hyperref Info: Link coloring with OCG OFF on input line 6091.
Package hyperref Info: PDF/A mode OFF on input line 6096.
 (/home/narasimhulu/.miktex/texmfs/install/tex/latex/base/atbegshi-ltx.sty
Package: atbegshi-ltx 2021/01/10 v1.0c Emulation of the original atbegshi
package with kernel methods
)
\Hy@abspage=\count296
\c@Item=\count297
\c@Hfootnote=\count298
)
Package hyperref Info: Driver (autodetected): hpdftex.

(/home/narasimhulu/.miktex/texmfs/install/tex/latex/hyperref/hpdftex.def
File: hpdftex.def 2023-04-22 v7.00x Hyperref driver for pdfTeX

(/home/narasimhulu/.miktex/texmfs/install/tex/latex/base/atveryend-ltx.sty
Package: atveryend-ltx 2020/08/19 v1.0a Emulation of the original atveryend pac
kage
with kernel methods
)
\Fld@listcount=\count299
\c@bookmark@seq@number=\count300

(/home/narasimhulu/.miktex/texmfs/install/tex/latex/rerunfilecheck/rerunfileche
ck.sty
Package: rerunfilecheck 2022-07-10 v1.10 Rerun checks for auxiliary files (HO)

(/home/narasimhulu/.miktex/texmfs/install/tex/generic/uniquecounter/uniquecount
er.sty
Package: uniquecounter 2019/12/15 v1.4 Provide unlimited unique counter (HO)
)
Package uniquecounter Info: New unique counter `rerunfilecheck' on input line 2
85.
)
\Hy@SectionHShift=\skip72
))
(/home/narasimhulu/.miktex/texmfs/install/tex/latex/microtype/microtype.sty
Package: microtype 2023/03/13 v3.1a Micro-typographical refinements (RS)
\MT@toks=\toks36
\MT@tempbox=\box71
\MT@count=\count301
LaTeX Info: Redefining \noprotrusionifhmode on input line 1059.
LaTeX Info: Redefining \leftprotrusion on input line 1060.
\MT@prot@toks=\toks37
LaTeX Info: Redefining \rightprotrusion on input line 1078.
LaTeX Info: Redefining \textls on input line 1368.
\MT@outer@kern=\dimen285
LaTeX Info: Redefining \textmicrotypecontext on input line 1988.
\MT@listname@count=\count302

(/home/narasimhulu/.miktex/texmfs/install/tex/latex/microtype/microtype-pdftex.
def
File: microtype-pdftex.def 2023/03/13 v3.1a Definitions specific to pdftex (RS)

LaTeX Info: Redefining \lsstyle on input line 902.
LaTeX Info: Redefining \lslig on input line 902.
\MT@outer@space=\skip73
)
Package microtype Info: Loading configuration file microtype.cfg.

(/home/narasimhulu/.miktex/texmfs/install/tex/latex/microtype/microtype.cfg
File: microtype.cfg 2023/03/13 v3.1a microtype main configuration file (RS)
))
(/home/narasimhulu/.miktex/texmfs/install/tex/latex/ragged2e/ragged2e.sty
Package: ragged2e 2023/04/04 v3.5 ragged2e Package
\CenteringLeftskip=\skip74
\RaggedLeftLeftskip=\skip75
\RaggedRightLeftskip=\skip76
\CenteringRightskip=\skip77
\RaggedLeftRightskip=\skip78
\RaggedRightRightskip=\skip79
\CenteringParfillskip=\skip80
\RaggedLeftParfillskip=\skip81
\RaggedRightParfillskip=\skip82
\JustifyingParfillskip=\skip83
\CenteringParindent=\skip84
\RaggedLeftParindent=\skip85
\RaggedRightParindent=\skip86
\JustifyingParindent=\skip87
)
(/home/narasimhulu/.miktex/texmfs/install/tex/latex/base/inputenc.sty
Package: inputenc 2021/02/14 v1.3d Input encoding file
\inpenc@prehook=\toks38
\inpenc@posthook=\toks39
)
(/home/narasimhulu/.miktex/texmfs/install/tex/latex/base/fontenc.sty
Package: fontenc 2021/04/29 v2.0v Standard LaTeX package
LaTeX Font Info:    Trying to load font information for T1+ClearSans-TLF on inp
ut line 112.

(/home/narasimhulu/.miktex/texmfs/install/tex/latex/clearsans/T1ClearSans-TLF.f
d
File: T1ClearSans-TLF.fd 2019/10/16 (autoinst) Font definitions for T1/ClearSan
s-TLF.
)
LaTeX Font Info:    Font shape `T1/ClearSans-TLF/m/n' in size <10> not availabl
e
(Font)              Font shape `T1/ClearSans-TLF/regular/n' tried instead on in
put line 112.
LaTeX Font Info:    Font shape `T1/ClearSans-TLF/regular/n' will be
(Font)              scaled to size 10.0pt on input line 112.
) (/home/narasimhulu/.miktex/texmfs/install/tex/latex/amsfonts/amssymb.sty
Package: amssymb 2013/01/14 v3.01 AMS font symbols

(/home/narasimhulu/.miktex/texmfs/install/tex/latex/amsfonts/amsfonts.sty
Package: amsfonts 2013/01/14 v3.01 Basic AMSFonts support
\@emptytoks=\toks40
\symAMSa=\mathgroup4
\symAMSb=\mathgroup5
LaTeX Font Info:    Redeclaring math symbol \hbar on input line 98.
LaTeX Font Info:    Overwriting math alphabet `\mathfrak' in version `bold'
(Font)                  U/euf/m/n --> U/euf/b/n on input line 106.
))
(/home/narasimhulu/.miktex/texmfs/install/tex/latex/smartdiagram/smartdiagram.s
ty
Package: smartdiagram 2016/12/23 v0.3b Automatic creation of smart diagrams fro
m lists of items.
 (/home/narasimhulu/.miktex/texmfs/install/tex/latex/xstring/xstring.sty
(/home/narasimhulu/.miktex/texmfs/install/tex/generic/xstring/xstring.tex
\integerpart=\count303
\decimalpart=\count304
)
Package: xstring 2023/01/14 v1.85 String manipulations (CT)
)
(/home/narasimhulu/.miktex/texmfs/install/tex/generic/pgf/frontendlayer/tikz/li
braries/tikzlibrarycalc.code.tex
File: tikzlibrarycalc.code.tex 2023-01-15 v3.1.10 (3.1.10)
)
(/home/narasimhulu/.miktex/texmfs/install/tex/generic/pgf/frontendlayer/tikz/li
braries/tikzlibraryfadings.code.tex
File: tikzlibraryfadings.code.tex 2023-01-15 v3.1.10 (3.1.10)

(/home/narasimhulu/.miktex/texmfs/install/tex/generic/pgf/libraries/pgflibraryf
adings.code.tex
File: pgflibraryfadings.code.tex 2023-01-15 v3.1.10 (3.1.10)
))
(/home/narasimhulu/.miktex/texmfs/install/tex/generic/pgf/frontendlayer/tikz/li
braries/tikzlibraryshadows.code.tex
File: tikzlibraryshadows.code.tex 2023-01-15 v3.1.10 (3.1.10)
)
(/home/narasimhulu/.miktex/texmfs/install/tex/generic/pgf/frontendlayer/tikz/li
braries/tikzlibraryshapes.arrows.code.tex
File: tikzlibraryshapes.arrows.code.tex 2023-01-15 v3.1.10 (3.1.10)

(/home/narasimhulu/.miktex/texmfs/install/tex/generic/pgf/libraries/shapes/pgfl
ibraryshapes.arrows.code.tex
File: pgflibraryshapes.arrows.code.tex 2023-01-15 v3.1.10 (3.1.10)
))
(/home/narasimhulu/.miktex/texmfs/install/tex/generic/pgf/frontendlayer/tikz/li
braries/tikzlibraryshapes.symbols.code.tex
File: tikzlibraryshapes.symbols.code.tex 2023-01-15 v3.1.10 (3.1.10)

(/home/narasimhulu/.miktex/texmfs/install/tex/generic/pgf/libraries/shapes/pgfl
ibraryshapes.symbols.code.tex
File: pgflibraryshapes.symbols.code.tex 2023-01-15 v3.1.10 (3.1.10)
))
\pgf@layerbox@smart diagram arrow back=\box72
\pgf@layerboxsaved@smart diagram arrow back=\box73

(/home/narasimhulu/.miktex/texmfs/install/tex/latex/smartdiagram/smartdiagramli
brarycore.definitions.code.tex)
(/home/narasimhulu/.miktex/texmfs/install/tex/latex/smartdiagram/smartdiagramli
brarycore.styles.code.tex)
(/home/narasimhulu/.miktex/texmfs/install/tex/latex/smartdiagram/smartdiagramli
brarycore.commands.code.tex)) (photocv.aux)
\openout1 = `photocv.aux'.

LaTeX Font Info:    Checking defaults for OML/cmm/m/it on input line 218.
LaTeX Font Info:    ... okay on input line 218.
LaTeX Font Info:    Checking defaults for OMS/cmsy/m/n on input line 218.
LaTeX Font Info:    ... okay on input line 218.
LaTeX Font Info:    Checking defaults for OT1/cmr/m/n on input line 218.
LaTeX Font Info:    ... okay on input line 218.
LaTeX Font Info:    Checking defaults for T1/cmr/m/n on input line 218.
LaTeX Font Info:    ... okay on input line 218.
LaTeX Font Info:    Checking defaults for TS1/cmr/m/n on input line 218.
LaTeX Font Info:    ... okay on input line 218.
LaTeX Font Info:    Checking defaults for OMX/cmex/m/n on input line 218.
LaTeX Font Info:    ... okay on input line 218.
LaTeX Font Info:    Checking defaults for U/cmr/m/n on input line 218.
LaTeX Font Info:    ... okay on input line 218.
LaTeX Font Info:    Checking defaults for PD1/pdf/m/n on input line 218.
LaTeX Font Info:    ... okay on input line 218.
LaTeX Font Info:    Checking defaults for PU/pdf/m/n on input line 218.
LaTeX Font Info:    ... okay on input line 218.

(/home/narasimhulu/.miktex/texmfs/install/tex/context/base/mkii/supp-pdf.mkii
[Loading MPS to PDF converter (version 2006.09.02).]
\scratchcounter=\count305
\scratchdimen=\dimen286
\scratchbox=\box74
\nofMPsegments=\count306
\nofMParguments=\count307
\everyMPshowfont=\toks41
\MPscratchCnt=\count308
\MPscratchDim=\dimen287
\MPnumerator=\count309
\makeMPintoPDFobject=\count310
\everyMPtoPDFconversion=\toks42
)
(/home/narasimhulu/.miktex/texmfs/install/tex/latex/epstopdf-pkg/epstopdf-base.
sty
Package: epstopdf-base 2020-01-24 v2.11 Base part for package epstopdf
Package epstopdf-base Info: Redefining graphics rule for `.eps' on input line 4
85.

(/home/narasimhulu/.miktex/texmfs/install/tex/latex/00miktex/epstopdf-sys.cfg
File: epstopdf-sys.cfg 2021/03/18 v2.0 Configuration of epstopdf for MiKTeX
))
*geometry* driver: auto-detecting
*geometry* detected driver: pdftex
*geometry* verbose mode - [ preamble ] result:
* driver: pdftex
* paper: a4paper
* layout: <same size as paper>
* layoutoffset:(h,v)=(0.0pt,0.0pt)
* modes: 
* h-part:(L,W,R)=(215.10318pt, 370.452pt, 11.9527pt)
* v-part:(T,H,B)=(16.90454pt, 811.23776pt, 16.90454pt)
* \paperwidth=597.50787pt
* \paperheight=845.04684pt
* \textwidth=370.452pt
* \textheight=811.23776pt
* \oddsidemargin=142.83319pt
* \evensidemargin=142.83319pt
* \topmargin=-55.36545pt
* \headheight=0.0pt
* \headsep=0.0pt
* \topskip=10.0pt
* \footskip=0.0pt
* \marginparwidth=0.0pt
* \marginparsep=0.0pt
* \columnsep=10.0pt
* \skip\footins=9.0pt plus 4.0pt minus 2.0pt
* \hoffset=0.0pt
* \voffset=0.0pt
* \mag=1000
* \@twocolumnfalse
* \@twosidefalse
* \@mparswitchfalse
* \@reversemarginfalse
* (1in=72.27pt=25.4mm, 1cm=28.453pt)

\c@mv@tabular=\count311
\c@mv@boldtabular=\count312
Package hyperref Info: Link coloring OFF on input line 218.
(photocv.out) (photocv.out)
\@outlinefile=\write4
\openout4 = `photocv.out'.

LaTeX Info: Redefining \microtypecontext on input line 218.
Package microtype Info: Applying patch `item' on input line 218.
Package microtype Info: Applying patch `toc' on input line 218.
Package microtype Info: Applying patch `eqnum' on input line 218.
Package microtype Info: Applying patch `footnote' on input line 218.
Package microtype Info: Applying patch `verbatim' on input line 218.
Package microtype Info: Generating PDF output.
Package microtype Info: Character protrusion enabled (level 2).
Package microtype Info: Using default protrusion set `alltext'.
Package microtype Info: Automatic font expansion enabled (level 2),
(microtype)             stretch: 20, shrink: 20, step: 1, non-selected.
Package microtype Info: Using default expansion set `alltext-nott'.
LaTeX Info: Redefining \showhyphens on input line 218.
Package microtype Info: No adjustment of tracking.
Package microtype Info: No adjustment of interword spacing.
Package microtype Info: No adjustment of character kerning.
Package microtype Info: Loading generic protrusion settings for font family
(microtype)             `ClearSans-TLF' (encoding: T1).
(microtype)             For optimal results, create family-specific settings.
(microtype)             See the microtype manual for details.


LaTeX Warning: File `pics/profile.png' not found on input line 220.


! Package pdftex.def Error: File `pics/profile.png' not found: using draft sett
ing.

See the pdftex.def package documentation for explanation.
Type  H <return>  for immediate help.
 ...                                              
                                                  
l.220 \makefrontsidebar
                       
Try typing  <return>  to proceed.
If that doesn't work, type  X <return>  to quit.

LaTeX Font Info:    Trying to load font information for T1+cmtt on input line 2
20.
(/home/narasimhulu/.miktex/texmfs/install/tex/latex/base/t1cmtt.fd
File: t1cmtt.fd 2022/07/10 v2.5l Standard LaTeX font definitions
)
Package microtype Info: Loading generic protrusion settings for font family
(microtype)             `cmtt' (encoding: T1).
(microtype)             For optimal results, create family-specific settings.
(microtype)             See the microtype manual for details.
LaTeX Font Info:    Font shape `T1/ClearSans-TLF/m/n' in size <24.88> not avail
able
(Font)              Font shape `T1/ClearSans-TLF/regular/n' tried instead on in
put line 220.
LaTeX Font Info:    Font shape `T1/ClearSans-TLF/regular/n' will be
(Font)              scaled to size 24.88pt on input line 220.
LaTeX Font Info:    Font shape `T1/ClearSans-TLF/m/n' in size <14.4> not availa
ble
(Font)              Font shape `T1/ClearSans-TLF/regular/n' tried instead on in
put line 220.
LaTeX Font Info:    Font shape `T1/ClearSans-TLF/regular/n' will be
(Font)              scaled to size 14.4pt on input line 220.

(/home/narasimhulu/.miktex/texmfs/install/tex/latex/microtype/mt-cmr.cfg)
(/home/narasimhulu/.miktex/texmfs/install/tex/latex/amsfonts/umsa.fd)
(/home/narasimhulu/.miktex/texmfs/install/tex/latex/microtype/mt-msa.cfg)
(/home/narasimhulu/.miktex/texmfs/install/tex/latex/amsfonts/umsb.fd)
(/home/narasimhulu/.miktex/texmfs/install/tex/latex/microtype/mt-msb.cfg)
(/home/narasimhulu/.miktex/texmfs/install/tex/latex/fontawesome/ufontawesomethr
ee.fd)
(/home/narasimhulu/.miktex/texmfs/install/tex/latex/fontawesome/ufontawesometwo
.fd)
(/home/narasimhulu/.miktex/texmfs/install/tex/latex/fontawesome/ufontawesomeone
.fd)
LaTeX Font Info:    Font shape `T1/ClearSans-TLF/m/n' in size <20.74> not avail
able
(Font)              Font shape `T1/ClearSans-TLF/regular/n' tried instead on in
put line 220.
LaTeX Font Info:    Font shape `T1/ClearSans-TLF/regular/n' will be
(Font)              scaled to size 20.74pt on input line 220.

! Undefined control sequence.
<argument> \aiOverleafSquare 
                             
l.220 \makefrontsidebar
                       
The control sequence at the end of the top line
of your error message was never \def'ed. If you have
misspelled it (e.g., `\hobx'), type `I' and the correct
spelling (e.g., `I\hbox'). Otherwise just continue,
and I'll forget about whatever was undefined.

! Package graphics Error: Division by 0.

See the graphics package documentation for explanation.
Type  H <return>  for immediate help.
 ...                                              
                                                  
l.220 \makefrontsidebar
                       
Your command was ignored.
Type  I <command> <return>  to replace it with another command,
or  <return>  to continue without it.

! Undefined control sequence.
<argument> \aiOverleafSquare 
                             
l.220 \makefrontsidebar
                       
The control sequence at the end of the top line
of your error message was never \def'ed. If you have
misspelled it (e.g., `\hobx'), type `I' and the correct
spelling (e.g., `I\hbox'). Otherwise just continue,
and I'll forget about whatever was undefined.

! Package graphics Error: Division by 0.

See the graphics package documentation for explanation.
Type  H <return>  for immediate help.
 ...                                              
                                                  
l.220 \makefrontsidebar
                       
Your command was ignored.
Type  I <command> <return>  to replace it with another command,
or  <return>  to continue without it.

! Undefined control sequence.
<argument> \aiOverleafSquare 
                             
l.220 \makefrontsidebar
                       
The control sequence at the end of the top line
of your error message was never \def'ed. If you have
misspelled it (e.g., `\hobx'), type `I' and the correct
spelling (e.g., `I\hbox'). Otherwise just continue,
and I'll forget about whatever was undefined.


! Package graphics Error: Division by 0.

See the graphics package documentation for explanation.
Type  H <return>  for immediate help.
 ...                                              
                                                  
l.220 \makefrontsidebar
                       
Your command was ignored.
Type  I <command> <return>  to replace it with another command,
or  <return>  to continue without it.

! Missing number, treated as zero.
<to be read again> 
                   \xparse function is not expandable 
l.220 \makefrontsidebar
                       
A number should have been here; I inserted `0'.
(If you can't figure out why I needed to see a number,
look up `weird error' in the index to The TeXbook.)

! Missing number, treated as zero.
<to be read again> 
                   \relax 
l.220 \makefrontsidebar
                       
A number should have been here; I inserted `0'.
(If you can't figure out why I needed to see a number,
look up `weird error' in the index to The TeXbook.)

LaTeX Font Info:    Font shape `T1/ClearSans-TLF/m/n' in size <7> not available

(Font)              Font shape `T1/ClearSans-TLF/regular/n' tried instead on in
put line 220.
LaTeX Font Info:    Font shape `T1/ClearSans-TLF/regular/n' will be
(Font)              scaled to size 7.0pt on input line 220.
! Missing number, treated as zero.
<to be read again> 
                   \relax 
l.220 \makefrontsidebar
                       
A number should have been here; I inserted `0'.
(If you can't figure out why I needed to see a number,
look up `weird error' in the index to The TeXbook.)

! Missing number, treated as zero.
<to be read again> 
                   \relax 
l.220 \makefrontsidebar
                       
A number should have been here; I inserted `0'.
(If you can't figure out why I needed to see a number,
look up `weird error' in the index to The TeXbook.)

! Missing number, treated as zero.
<to be read again> 
                   \relax 
l.220 \makefrontsidebar
                       
A number should have been here; I inserted `0'.
(If you can't figure out why I needed to see a number,
look up `weird error' in the index to The TeXbook.)

! Missing number, treated as zero.
<to be read again> 
                   \relax 
l.220 \makefrontsidebar
                       
A number should have been here; I inserted `0'.
(If you can't figure out why I needed to see a number,
look up `weird error' in the index to The TeXbook.)

! Missing number, treated as zero.
<to be read again> 
                   \xparse function is not expandable 
l.220 \makefrontsidebar
                       
A number should have been here; I inserted `0'.
(If you can't figure out why I needed to see a number,
look up `weird error' in the index to The TeXbook.)

! Missing number, treated as zero.
<to be read again> 
                   \relax 
l.220 \makefrontsidebar
                       
A number should have been here; I inserted `0'.
(If you can't figure out why I needed to see a number,
look up `weird error' in the index to The TeXbook.)

! Missing number, treated as zero.
<to be read again> 
                   \relax 
l.220 \makefrontsidebar
                       
A number should have been here; I inserted `0'.
(If you can't figure out why I needed to see a number,
look up `weird error' in the index to The TeXbook.)

! Missing number, treated as zero.
<to be read again> 
                   \relax 
l.220 \makefrontsidebar
                       
A number should have been here; I inserted `0'.
(If you can't figure out why I needed to see a number,
look up `weird error' in the index to The TeXbook.)

! Missing number, treated as zero.
<to be read again> 
                   \relax 
l.220 \makefrontsidebar
                       
A number should have been here; I inserted `0'.
(If you can't figure out why I needed to see a number,
look up `weird error' in the index to The TeXbook.)

! Missing number, treated as zero.
<to be read again> 
                   \relax 
l.220 \makefrontsidebar
                       
A number should have been here; I inserted `0'.
(If you can't figure out why I needed to see a number,
look up `weird error' in the index to The TeXbook.)

! Missing number, treated as zero.
<to be read again> 
                   \xparse function is not expandable 
l.220 \makefrontsidebar
                       
A number should have been here; I inserted `0'.
(If you can't figure out why I needed to see a number,
look up `weird error' in the index to The TeXbook.)

! Missing number, treated as zero.
<to be read again> 
                   \relax 
l.220 \makefrontsidebar
                       
A number should have been here; I inserted `0'.
(If you can't figure out why I needed to see a number,
look up `weird error' in the index to The TeXbook.)

! Missing number, treated as zero.
<to be read again> 
                   \relax 
l.220 \makefrontsidebar
                       
A number should have been here; I inserted `0'.
(If you can't figure out why I needed to see a number,
look up `weird error' in the index to The TeXbook.)

! Missing number, treated as zero.
<to be read again> 
                   \relax 
l.220 \makefrontsidebar
                       
A number should have been here; I inserted `0'.
(If you can't figure out why I needed to see a number,
look up `weird error' in the index to The TeXbook.)

! Missing number, treated as zero.
<to be read again> 
                   \relax 
l.220 \makefrontsidebar
                       
A number should have been here; I inserted `0'.
(If you can't figure out why I needed to see a number,
look up `weird error' in the index to The TeXbook.)

! Missing number, treated as zero.
<to be read again> 
                   \relax 
l.220 \makefrontsidebar
                       
A number should have been here; I inserted `0'.
(If you can't figure out why I needed to see a number,
look up `weird error' in the index to The TeXbook.)

! Missing number, treated as zero.
<to be read again> 
                   \xparse function is not expandable 
l.220 \makefrontsidebar
                       
A number should have been here; I inserted `0'.
(If you can't figure out why I needed to see a number,
look up `weird error' in the index to The TeXbook.)

! Missing number, treated as zero.
<to be read again> 
                   \relax 
l.220 \makefrontsidebar
                       
A number should have been here; I inserted `0'.
(If you can't figure out why I needed to see a number,
look up `weird error' in the index to The TeXbook.)

! Missing number, treated as zero.
<to be read again> 
                   \relax 
l.220 \makefrontsidebar
                       
A number should have been here; I inserted `0'.
(If you can't figure out why I needed to see a number,
look up `weird error' in the index to The TeXbook.)

! Missing number, treated as zero.
<to be read again> 
                   \relax 
l.220 \makefrontsidebar
                       
A number should have been here; I inserted `0'.
(If you can't figure out why I needed to see a number,
look up `weird error' in the index to The TeXbook.)

! Missing number, treated as zero.
<to be read again> 
                   \relax 
l.220 \makefrontsidebar
                       
A number should have been here; I inserted `0'.
(If you can't figure out why I needed to see a number,
look up `weird error' in the index to The TeXbook.)

! Missing number, treated as zero.
<to be read again> 
                   \relax 
l.220 \makefrontsidebar
                       
A number should have been here; I inserted `0'.
(If you can't figure out why I needed to see a number,
look up `weird error' in the index to The TeXbook.)

! Missing number, treated as zero.
<to be read again> 
                   \xparse function is not expandable 
l.220 \makefrontsidebar
                       
A number should have been here; I inserted `0'.
(If you can't figure out why I needed to see a number,
look up `weird error' in the index to The TeXbook.)

! Missing number, treated as zero.
<to be read again> 
                   \relax 
l.220 \makefrontsidebar
                       
A number should have been here; I inserted `0'.
(If you can't figure out why I needed to see a number,
look up `weird error' in the index to The TeXbook.)

! Missing number, treated as zero.
<to be read again> 
                   \relax 
l.220 \makefrontsidebar
                       
A number should have been here; I inserted `0'.
(If you can't figure out why I needed to see a number,
look up `weird error' in the index to The TeXbook.)

! Missing number, treated as zero.
<to be read again> 
                   \relax 
l.220 \makefrontsidebar
                       
A number should have been here; I inserted `0'.
(If you can't figure out why I needed to see a number,
look up `weird error' in the index to The TeXbook.)

! Missing number, treated as zero.
<to be read again> 
                   \relax 
l.220 \makefrontsidebar
                       
A number should have been here; I inserted `0'.
(If you can't figure out why I needed to see a number,
look up `weird error' in the index to The TeXbook.)

! Missing number, treated as zero.
<to be read again> 
                   \relax 
l.220 \makefrontsidebar
                       
A number should have been here; I inserted `0'.
(If you can't figure out why I needed to see a number,
look up `weird error' in the index to The TeXbook.)

! Missing number, treated as zero.
<to be read again> 
                   \xparse function is not expandable 
l.220 \makefrontsidebar
                       
A number should have been here; I inserted `0'.
(If you can't figure out why I needed to see a number,
look up `weird error' in the index to The TeXbook.)

! Missing number, treated as zero.
<to be read again> 
                   \relax 
l.220 \makefrontsidebar
                       
A number should have been here; I inserted `0'.
(If you can't figure out why I needed to see a number,
look up `weird error' in the index to The TeXbook.)

! Missing number, treated as zero.
<to be read again> 
                   \relax 
l.220 \makefrontsidebar
                       
A number should have been here; I inserted `0'.
(If you can't figure out why I needed to see a number,
look up `weird error' in the index to The TeXbook.)

! Missing number, treated as zero.
<to be read again> 
                   \relax 
l.220 \makefrontsidebar
                       
A number should have been here; I inserted `0'.
(If you can't figure out why I needed to see a number,
look up `weird error' in the index to The TeXbook.)

! Missing number, treated as zero.
<to be read again> 
                   \relax 
l.220 \makefrontsidebar
                       
A number should have been here; I inserted `0'.
(If you can't figure out why I needed to see a number,
look up `weird error' in the index to The TeXbook.)

! Missing number, treated as zero.
<to be read again> 
                   \relax 
l.220 \makefrontsidebar
                       
A number should have been here; I inserted `0'.
(If you can't figure out why I needed to see a number,
look up `weird error' in the index to The TeXbook.)

! Missing number, treated as zero.
<to be read again> 
                   \xparse function is not expandable 
l.220 \makefrontsidebar
                       
A number should have been here; I inserted `0'.
(If you can't figure out why I needed to see a number,
look up `weird error' in the index to The TeXbook.)

! Missing number, treated as zero.
<to be read again> 
                   \relax 
l.220 \makefrontsidebar
                       
A number should have been here; I inserted `0'.
(If you can't figure out why I needed to see a number,
look up `weird error' in the index to The TeXbook.)

! Missing number, treated as zero.
<to be read again> 
                   \relax 
l.220 \makefrontsidebar
                       
A number should have been here; I inserted `0'.
(If you can't figure out why I needed to see a number,
look up `weird error' in the index to The TeXbook.)

! Missing number, treated as zero.
<to be read again> 
                   \relax 
l.220 \makefrontsidebar
                       
A number should have been here; I inserted `0'.
(If you can't figure out why I needed to see a number,
look up `weird error' in the index to The TeXbook.)

! Missing number, treated as zero.
<to be read again> 
                   \relax 
l.220 \makefrontsidebar
                       
A number should have been here; I inserted `0'.
(If you can't figure out why I needed to see a number,
look up `weird error' in the index to The TeXbook.)

! Missing number, treated as zero.
<to be read again> 
                   \relax 
l.220 \makefrontsidebar
                       
A number should have been here; I inserted `0'.
(If you can't figure out why I needed to see a number,
look up `weird error' in the index to The TeXbook.)

! Missing number, treated as zero.
<to be read again> 
                   \xparse function is not expandable 
l.220 \makefrontsidebar
                       
A number should have been here; I inserted `0'.
(If you can't figure out why I needed to see a number,
look up `weird error' in the index to The TeXbook.)

! Missing number, treated as zero.
<to be read again> 
                   \relax 
l.220 \makefrontsidebar
                       
A number should have been here; I inserted `0'.
(If you can't figure out why I needed to see a number,
look up `weird error' in the index to The TeXbook.)

! Missing number, treated as zero.
<to be read again> 
                   \relax 
l.220 \makefrontsidebar
                       
A number should have been here; I inserted `0'.
(If you can't figure out why I needed to see a number,
look up `weird error' in the index to The TeXbook.)

! Missing number, treated as zero.
<to be read again> 
                   \relax 
l.220 \makefrontsidebar
                       
A number should have been here; I inserted `0'.
(If you can't figure out why I needed to see a number,
look up `weird error' in the index to The TeXbook.)

! Missing number, treated as zero.
<to be read again> 
                   \relax 
l.220 \makefrontsidebar
                       
A number should have been here; I inserted `0'.
(If you can't figure out why I needed to see a number,
look up `weird error' in the index to The TeXbook.)

! Missing number, treated as zero.
<to be read again> 
                   \relax 
l.220 \makefrontsidebar
                       
A number should have been here; I inserted `0'.
(If you can't figure out why I needed to see a number,
look up `weird error' in the index to The TeXbook.)

! Missing number, treated as zero.
<to be read again> 
                   \xparse function is not expandable 
l.220 \makefrontsidebar
                       
A number should have been here; I inserted `0'.
(If you can't figure out why I needed to see a number,
look up `weird error' in the index to The TeXbook.)

! Missing number, treated as zero.
<to be read again> 
                   \relax 
l.220 \makefrontsidebar
                       
A number should have been here; I inserted `0'.
(If you can't figure out why I needed to see a number,
look up `weird error' in the index to The TeXbook.)

! Missing number, treated as zero.
<to be read again> 
                   \relax 
l.220 \makefrontsidebar
                       
A number should have been here; I inserted `0'.
(If you can't figure out why I needed to see a number,
look up `weird error' in the index to The TeXbook.)

! Missing number, treated as zero.
<to be read again> 
                   \relax 
l.220 \makefrontsidebar
                       
A number should have been here; I inserted `0'.
(If you can't figure out why I needed to see a number,
look up `weird error' in the index to The TeXbook.)

! Missing number, treated as zero.
<to be read again> 
                   \relax 
l.220 \makefrontsidebar
                       
A number should have been here; I inserted `0'.
(If you can't figure out why I needed to see a number,
look up `weird error' in the index to The TeXbook.)

! Missing number, treated as zero.
<to be read again> 
                   \relax 
l.220 \makefrontsidebar
                       
A number should have been here; I inserted `0'.
(If you can't figure out why I needed to see a number,
look up `weird error' in the index to The TeXbook.)

! Missing number, treated as zero.
<to be read again> 
                   \xparse function is not expandable 
l.220 \makefrontsidebar
                       
A number should have been here; I inserted `0'.
(If you can't figure out why I needed to see a number,
look up `weird error' in the index to The TeXbook.)

! Missing number, treated as zero.
<to be read again> 
                   \relax 
l.220 \makefrontsidebar
                       
A number should have been here; I inserted `0'.
(If you can't figure out why I needed to see a number,
look up `weird error' in the index to The TeXbook.)

! Missing number, treated as zero.
<to be read again> 
                   \relax 
l.220 \makefrontsidebar
                       
A number should have been here; I inserted `0'.
(If you can't figure out why I needed to see a number,
look up `weird error' in the index to The TeXbook.)

! Missing number, treated as zero.
<to be read again> 
                   \relax 
l.220 \makefrontsidebar
                       
A number should have been here; I inserted `0'.
(If you can't figure out why I needed to see a number,
look up `weird error' in the index to The TeXbook.)

! Missing number, treated as zero.
<to be read again> 
                   \relax 
l.220 \makefrontsidebar
                       
A number should have been here; I inserted `0'.
(If you can't figure out why I needed to see a number,
look up `weird error' in the index to The TeXbook.)

! Missing number, treated as zero.
<to be read again> 
                   \relax 
l.220 \makefrontsidebar
                       
A number should have been here; I inserted `0'.
(If you can't figure out why I needed to see a number,
look up `weird error' in the index to The TeXbook.)

LaTeX Font Info:    Font shape `T1/ClearSans-TLF/b/n' in size <10> not availabl
e
(Font)              Font shape `T1/ClearSans-TLF/bold/n' tried instead on input
 line 222.
LaTeX Font Info:    Font shape `T1/ClearSans-TLF/bold/n' will be
(Font)              scaled to size 10.0pt on input line 222.
LaTeX Font Info:    Font shape `T1/ClearSans-TLF/b/n' in size <17.28> not avail
able
(Font)              Font shape `T1/ClearSans-TLF/bold/n' tried instead on input
 line 222.
LaTeX Font Info:    Font shape `T1/ClearSans-TLF/bold/n' will be
(Font)              scaled to size 17.28pt on input line 222.
LaTeX Font Info:    Font shape `T1/ClearSans-TLF/m/n' in size <8> not available

(Font)              Font shape `T1/ClearSans-TLF/regular/n' tried instead on in
put line 226.
LaTeX Font Info:    Font shape `T1/ClearSans-TLF/regular/n' will be
(Font)              scaled to size 8.0pt on input line 226.
LaTeX Font Info:    Font shape `T1/ClearSans-TLF/m/n' in size <12> not availabl
e
(Font)              Font shape `T1/ClearSans-TLF/regular/n' tried instead on in
put line 236.
LaTeX Font Info:    Font shape `T1/ClearSans-TLF/regular/n' will be
(Font)              scaled to size 12.0pt on input line 236.
LaTeX Font Info:    Font shape `T1/ClearSans-TLF/m/it' in size <10> not availab
le
(Font)              Font shape `T1/ClearSans-TLF/regular/it' tried instead on i
nput line 265.
LaTeX Font Info:    Font shape `T1/ClearSans-TLF/regular/it' will be
(Font)              scaled to size 10.0pt on input line 265.
[1

{/home/narasimhulu/.miktex/texmfs/data/fonts/map/pdftex/pdftex.map}]
LaTeX Font Info:    Font shape `T1/ClearSans-TLF/b/n' in size <8> not available

(Font)              Font shape `T1/ClearSans-TLF/bold/n' tried instead on input
 line 287.
LaTeX Font Info:    Font shape `T1/ClearSans-TLF/bold/n' will be
(Font)              scaled to size 8.0pt on input line 287.
LaTeX Font Info:    Font shape `T1/ClearSans-TLF/m/n' in size <9> not available

(Font)              Font shape `T1/ClearSans-TLF/regular/n' tried instead on in
put line 287.
LaTeX Font Info:    Font shape `T1/ClearSans-TLF/regular/n' will be
(Font)              scaled to size 9.0pt on input line 287.

! Package pdftex.def Error: File `pics/logo.png' not found: using draft setting
.

See the pdftex.def package documentation for explanation.
Type  H <return>  for immediate help.
 ...                                              
                                                  
l.287 \makebacksidebar
                      
Try typing  <return>  to proceed.
If that doesn't work, type  X <return>  to quit.

! Package pdftex.def Error: File `pics/logo.png' not found: using draft setting
.

See the pdftex.def package documentation for explanation.
Type  H <return>  for immediate help.
 ...                                              
                                                  
l.287 \makebacksidebar
                      
Try typing  <return>  to proceed.
If that doesn't work, type  X <return>  to quit.

! Package pdftex.def Error: File `pics/logo.png' not found: using draft setting
.

See the pdftex.def package documentation for explanation.
Type  H <return>  for immediate help.
 ...                                              
                                                  
l.287 \makebacksidebar
                      
Try typing  <return>  to proceed.
If that doesn't work, type  X <return>  to quit.

! Package pdftex.def Error: File `pics/logo.png' not found: using draft setting
.

See the pdftex.def package documentation for explanation.
Type  H <return>  for immediate help.
 ...                                              
                                                  
l.287 \makebacksidebar
                      
Try typing  <return>  to proceed.
If that doesn't work, type  X <return>  to quit.


LaTeX Warning: File `pics/logo.png' not found on input line 287.


! Package pdftex.def Error: File `pics/logo.png' not found: using draft setting
.

See the pdftex.def package documentation for explanation.
Type  H <return>  for immediate help.
 ...                                              
                                                  
l.287 \makebacksidebar
                      
Try typing  <return>  to proceed.
If that doesn't work, type  X <return>  to quit.


LaTeX Warning: File `pics/logo.png' not found on input line 287.


! Package pdftex.def Error: File `pics/logo.png' not found: using draft setting
.

See the pdftex.def package documentation for explanation.
Type  H <return>  for immediate help.
 ...                                              
                                                  
l.287 \makebacksidebar
                      
Try typing  <return>  to proceed.
If that doesn't work, type  X <return>  to quit.

LaTeX Font Info:    Font shape `T1/ClearSans-TLF/b/n' in size <12> not availabl
e
(Font)              Font shape `T1/ClearSans-TLF/bold/n' tried instead on input
 line 345.
LaTeX Font Info:    Font shape `T1/ClearSans-TLF/bold/n' will be
(Font)              scaled to size 12.0pt on input line 345.
[2] (photocv.aux)
Package rerunfilecheck Info: File `photocv.out' has not changed.
(rerunfilecheck)             Checksum: D41D8CD98F00B204E9800998ECF8427E;0.
 ) 
Here is how much of TeX's memory you used:
 28603 strings out of 478341
 548657 string characters out of 5840366
 1903851 words of memory out of 5000000
 48045 multiletter control sequences out of 15000+600000
 596840 words of font info for 142 fonts, out of 8000000 for 9000
 0 hyphenation exceptions out of 8191
 99i,15n,94p,1006b,940s stack positions out of 10000i,1000n,20000p,200000b,200000s
{/home/narasimhulu/.miktex/texmfs/install/fonts/enc/dvips/fontawesome/fontawe
someone.enc}{/home/narasimhulu/.miktex/texmfs/install/fonts/enc/dvips/fontaweso
me/fontawesometwo.enc}{/home/narasimhulu/.miktex/texmfs/install/fonts/enc/dvips
/fontawesome/fontawesomethree.enc} </home/narasimhulu/.miktex/texmfs/data/fonts
/pk/ljfour/jknappen/ec/dpi600/ectt1000.pk>{/home/narasimhulu/.miktex/texmfs/ins
tall/fonts/enc/dvips/clearsans/clr_zxbkm4.enc}</home/narasimhulu/.miktex/texmfs
/install/fonts/type1/intel/clearsans/ClearSans-Bold.pfb></home/narasimhulu/.mik
tex/texmfs/install/fonts/type1/intel/clearsans/ClearSans-Italic.pfb></home/nara
simhulu/.miktex/texmfs/install/fonts/type1/intel/clearsans/ClearSans-Regular.pf
b></home/narasimhulu/.miktex/texmfs/install/fonts/type1/public/fontawesome/Font
Awesome.pfb></home/narasimhulu/.miktex/texmfs/install/fonts/type1/public/amsfon
ts/cm/cmmi10.pfb></home/narasimhulu/.miktex/texmfs/install/fonts/type1/public/a
msfonts/cm/cmr10.pfb></home/narasimhulu/.miktex/texmfs/install/fonts/type1/publ
ic/amsfonts/symbols/msbm10.pfb>
Output written on photocv.pdf (2 pages, 124362 bytes).
PDF statistics:
 122 PDF objects out of 1000 (max. 8388607)
 3 named destinations out of 1000 (max. 500000)
 57977 words of extra memory for PDF output out of 61914 (max. 10000000)

